<?xml version="1.0" encoding="UTF-8"?>
<!-- Generated by org.testng.reporters.JUnitReportReporter -->
<testsuite hostname="LTIN186771" failures="0" tests="11" name="Testcase.TC_001Doctor" time="28.435" errors="0" timestamp="2024-02-28T10:49:23 IST" skipped="0">
  <testcase classname="Testcase.TC_001Doctor" name="click_LocationSearchBox" time="3.289"/>
  <system-out/>
  <testcase classname="Testcase.TC_001Doctor" name="Location" time="2.705"/>
  <system-out/>
  <testcase classname="Testcase.TC_001Doctor" name="click_SearchDentist" time="4.285"/>
  <system-out/>
  <testcase classname="Testcase.TC_001Doctor" name="click_PatientStories" time="5.258"/>
  <system-out/>
  <testcase classname="Testcase.TC_001Doctor" name="click_Experience" time="1.319"/>
  <system-out/>
  <testcase classname="Testcase.TC_001Doctor" name="click_ToApplyFilter" time="1.121"/>
  <system-out/>
  <testcase classname="Testcase.TC_001Doctor" name="select_fees" time="1.106"/>
  <system-out/>
  <testcase classname="Testcase.TC_001Doctor" name="click_ToApplyFilter2" time="1.145"/>
  <system-out/>
  <testcase classname="Testcase.TC_001Doctor" name="select_availability" time="1.111"/>
  <system-out/>
  <testcase classname="Testcase.TC_001Doctor" name="click_SortBy" time="2.704"/>
  <system-out/>
  <testcase classname="Testcase.TC_001Doctor" name="getDoctordetails" time="4.392"/>
  <system-out/>
</testsuite> <!-- Testcase.TC_001Doctor -->
