<?xml version="1.0" encoding="UTF-8"?>
<!-- Generated by org.testng.reporters.JUnitReportReporter -->
<testsuite hostname="LTIN186771" failures="0" tests="2" name="Testcase.TC_002Surgeries" time="6.623" errors="0" timestamp="2024-02-28T10:49:23 IST" skipped="0">
  <testcase classname="Testcase.TC_002Surgeries" name="PopularSurgery" time="2.355"/>
  <system-out/>
  <testcase classname="Testcase.TC_002Surgeries" name="writeData" time="4.268"/>
  <system-out/>
</testsuite> <!-- Testcase.TC_002Surgeries -->
