<?xml version="1.0" encoding="UTF-8"?>
<!-- Generated by org.testng.reporters.JUnitReportReporter -->
<testsuite hostname="LTIN186771" failures="0" tests="1" name="Testcases.TC_001" time="1.014" errors="0" timestamp="2024-02-15T15:45:50 IST" skipped="0">
  <testcase classname="Testcases.TC_001" name="perform_Click" time="1.014"/>
  <system-out/>
</testsuite> <!-- Testcases.TC_001 -->
